<?xml version="1.0" encoding="UTF-8"?>
<testng-results skipped="0" failed="0" ignored="0" total="1" passed="1">
  <reporter-output>
    <line>
      <![CDATA[.................Connection successfully established...............]]>
    </line>
    <line>
      <![CDATA[TY_PROJ_2815]]>
    </line>
  </reporter-output>
  <suite name="Default suite" duration-ms="4654" started-at="2022-08-11T12:02:10 IST" finished-at="2022-08-11T12:02:14 IST">
    <groups>
    </groups>
    <test name="Default test" duration-ms="4654" started-at="2022-08-11T12:02:10 IST" finished-at="2022-08-11T12:02:14 IST">
      <class name="EndToEndScenarios.CreateProjectVerifyInDB">
        <test-method status="PASS" signature="bsConfig()[pri:0, instance:EndToEndScenarios.CreateProjectVerifyInDB@1d8bd0de]" name="bsConfig" is-config="true" duration-ms="955" started-at="2022-08-11T12:02:09 IST" finished-at="2022-08-11T12:02:10 IST">
          <reporter-output>
            <line>
              <![CDATA[.................Connection successfully established...............]]>
            </line>
          </reporter-output>
        </test-method> <!-- bsConfig -->
        <test-method status="PASS" signature="createAndVerifyProject()[pri:0, instance:EndToEndScenarios.CreateProjectVerifyInDB@1d8bd0de]" name="createAndVerifyProject" duration-ms="4550" started-at="2022-08-11T12:02:10 IST" finished-at="2022-08-11T12:02:14 IST">
          <reporter-output>
            <line>
              <![CDATA[TY_PROJ_2815]]>
            </line>
          </reporter-output>
        </test-method> <!-- createAndVerifyProject -->
        <test-method status="PASS" signature="asConfig()[pri:0, instance:EndToEndScenarios.CreateProjectVerifyInDB@1d8bd0de]" name="asConfig" is-config="true" duration-ms="1" started-at="2022-08-11T12:02:14 IST" finished-at="2022-08-11T12:02:14 IST">
          <reporter-output>
          </reporter-output>
        </test-method> <!-- asConfig -->
      </class> <!-- EndToEndScenarios.CreateProjectVerifyInDB -->
    </test> <!-- Default test -->
  </suite> <!-- Default suite -->
</testng-results>
